{"message":"Unauthorized request to path: /","level":"error"}
{"message":"Unauthorized request to path: /","level":"error"}
{"message":"Unauthorized request to path: /","level":"error"}
{"message":"Unauthorized request to path: /","level":"error"}
{"message":"Unauthorized request to path: /","level":"error"}
{"message":"Unauthorized request to path: /","level":"error"}
{"message":"Unauthorized request to path: /","level":"error"}
{"message":"Unauthorized request to path: /","level":"error"}
{"message":"Unauthorized request to path: /","level":"error"}
{"message":"Unauthorized request to path: /","level":"error"}
{"message":"Unauthorized request to path: /","level":"error"}
{"message":"Unauthorized request to path: /","level":"error"}
{"message":"Unauthorized request to path: /","level":"error"}
{"message":"Unauthorized request to path: /","level":"error"}
{"message":"Unauthorized request to path: /","level":"error"}
{"message":"Unauthorized request to path: /","level":"error"}
{"message":"Unauthorized request to path: /","level":"error"}
{"message":"Unauthorized request to path: /","level":"error"}
{"message":"Unauthorized request to path: /","level":"error"}
{"message":"Unauthorized request to path: /","level":"error"}
{"message":"Unauthorized request to path: /","level":"error"}
{"message":"Unauthorized request to path: /","level":"error"}
{"message":"Unauthorized request to path: /","level":"error"}
{"message":"Unauthorized request to path: /","level":"error"}
{"message":"Unauthorized request to path: /","level":"error"}
{"message":"Unauthorized request to path: /","level":"error"}
{"message":"Unauthorized request to path: /","level":"error"}
{"message":"Unauthorized request to path: /","level":"error"}
{"message":"Unauthorized request to path: /","level":"error"}
{"message":"Unauthorized request to path: /","level":"error"}
{"message":"Unauthorized request to path: /bookmarks","level":"error"}
{"message":"Unauthorized request to path: /","level":"error"}
{"message":"Unauthorized request to path: /","level":"error"}
{"message":"Unauthorized request to path: /bookmarks","level":"error"}
{"message":"Unauthorized request to path: /","level":"error"}
{"message":"Unauthorized request to path: /","level":"error"}
{"message":"Unauthorized request to path: /","level":"error"}
{"message":"Unauthorized request to path: /","level":"error"}
{"message":"Unauthorized request to path: /","level":"error"}
{"message":"Unauthorized request to path: /","level":"error"}
{"message":"Unauthorized request to path: /bookmarks","level":"error"}
{"message":"Unauthorized request to path: /bookmarks","level":"error"}
{"message":"Unauthorized request to path: /bookmarks","level":"error"}
{"message":"Unauthorized request to path: /bookmarks","level":"error"}
{"message":"Unauthorized request to path: /bookmarks","level":"error"}
{"message":"Unauthorized request to path: /bookmarks","level":"error"}
{"message":"Unauthorized request to path: /bookmarks","level":"error"}
{"message":"Unauthorized request to path: /bookmarks","level":"error"}
{"message":"Unauthorized request to path: /bookmarks","level":"error"}
{"message":"Unauthorized request to path: /bookmarks","level":"error"}
{"message":"Unauthorized request to path: /bookmarks","level":"error"}
{"message":"Unauthorized request to path: /bookmarks","level":"error"}
{"message":"Unauthorized request to path: /bookmarks","level":"error"}
{"message":"Unauthorized request to path: /bookmarks","level":"error"}
{"message":"Unauthorized request to path: /bookmarks","level":"error"}
{"message":"Unauthorized request to path: /bookmarks","level":"error"}
{"message":"Unauthorized request to path: /bookmarks","level":"error"}
{"message":"Unauthorized request to path: /bookmarks","level":"error"}
{"message":"Unauthorized request to path: /bookmarks","level":"error"}
{"message":"Unauthorized request to path: /","level":"error"}
{"message":"Unauthorized request to path: /","level":"error"}
{"message":"Unauthorized request to path: /","level":"error"}
{"message":"Unauthorized request to path: /","level":"error"}
{"message":"Unauthorized request to path: /bookmarks","level":"error"}
{"message":"Unauthorized request to path: /bookmarks","level":"error"}
{"message":"Unauthorized request to path: /","level":"error"}
{"message":"Unauthorized request to path: /","level":"error"}
{"message":"Unauthorized request to path: /bookmarks","level":"error"}
{"message":"Unauthorized request to path: /","level":"error"}
{"message":"Unauthorized request to path: /","level":"error"}
{"message":"Unauthorized request to path: /","level":"error"}
{"message":"Unauthorized request to path: /","level":"error"}
{"message":"Unauthorized request to path: /","level":"error"}
{"message":"Unauthorized request to path: /","level":"error"}
{"message":"Unauthorized request to path: /","level":"error"}
{"message":"Unauthorized request to path: /","level":"error"}
{"message":"Unauthorized request to path: /","level":"error"}
{"message":"Unauthorized request to path: /","level":"error"}
{"message":"Unauthorized request to path: /","level":"error"}
{"message":"Unauthorized request to path: /","level":"error"}
{"message":"Unauthorized request to path: /","level":"error"}
{"message":"Unauthorized request to path: /","level":"error"}
{"message":"Unauthorized request to path: /","level":"error"}
{"message":"Unauthorized request to path: /bookmarks","level":"error"}
{"message":"Unauthorized request to path: /","level":"error"}
{"message":"Unauthorized request to path: /bookmarks","level":"error"}
{"message":"Unauthorized request to path: /","level":"error"}
{"message":"Unauthorized request to path: /bookmarks","level":"error"}
{"message":"Unauthorized request to path: /bookmarks/2","level":"error"}
{"message":"Unauthorized request to path: /","level":"error"}
{"message":"Unauthorized request to path: /bookmarks","level":"error"}
{"message":"Unauthorized request to path: /bookmarks/2","level":"error"}
{"message":"Unauthorized request to path: /","level":"error"}
{"message":"Unauthorized request to path: /bookmarks","level":"error"}
{"message":"Unauthorized request to path: /bookmarks/2","level":"error"}
{"message":"Unauthorized request to path: /","level":"error"}
{"message":"Unauthorized request to path: /bookmarks","level":"error"}
{"message":"Unauthorized request to path: /bookmarks/2","level":"error"}
{"message":"Unauthorized request to path: /","level":"error"}
{"message":"Unauthorized request to path: /bookmarks","level":"error"}
{"message":"Unauthorized request to path: /bookmarks/2","level":"error"}
{"message":"Unauthorized request to path: /","level":"error"}
{"message":"Unauthorized request to path: /bookmarks","level":"error"}
{"message":"Unauthorized request to path: /bookmarks/2","level":"error"}
{"message":"Unauthorized request to path: /","level":"error"}
{"message":"Unauthorized request to path: /bookmarks","level":"error"}
{"message":"Unauthorized request to path: /bookmarks/1","level":"error"}
{"message":"Unauthorized request to path: /","level":"error"}
{"message":"Unauthorized request to path: /bookmarks","level":"error"}
{"message":"Unauthorized request to path: /bookmarks/1","level":"error"}
{"message":"No bookmark with id matching 123","level":"error"}
{"message":"Unauthorized request to path: /","level":"error"}
{"message":"Unauthorized request to path: /bookmarks","level":"error"}
{"message":"Unauthorized request to path: /bookmarks/1","level":"error"}
{"message":"No bookmark with id matching 123","level":"error"}
{"message":"Unauthorized request to path: /","level":"error"}
{"message":"Unauthorized request to path: /bookmarks","level":"error"}
{"message":"Unauthorized request to path: /bookmarks/1","level":"error"}
{"message":"No bookmark with id matching 123","level":"error"}
{"message":"Unauthorized request to path: /","level":"error"}
{"message":"Unauthorized request to path: /bookmarks","level":"error"}
{"message":"Unauthorized request to path: /bookmarks/1","level":"error"}
{"message":"No bookmark with id matching 123","level":"error"}
{"message":"Unauthorized request to path: /","level":"error"}
{"message":"Unauthorized request to path: /bookmarks","level":"error"}
{"message":"Unauthorized request to path: /bookmarks/1","level":"error"}
{"message":"No bookmark with id matching 123","level":"error"}
{"message":"Unauthorized request to path: /","level":"error"}
{"message":"Unauthorized request to path: /bookmarks","level":"error"}
{"message":"Unauthorized request to path: /bookmarks/1","level":"error"}
{"message":"No bookmark with id matching 123","level":"error"}
{"message":"Unauthorized request to path: /","level":"error"}
{"message":"Unauthorized request to path: /bookmarks","level":"error"}
{"message":"Unauthorized request to path: /bookmarks/1","level":"error"}
{"message":"No bookmark with id matching 123","level":"error"}
{"message":"Unauthorized request to path: /","level":"error"}
{"message":"Unauthorized request to path: /bookmarks","level":"error"}
{"message":"Unauthorized request to path: /bookmarks/1","level":"error"}
{"message":"No bookmark with id matching 123","level":"error"}
{"message":"Unauthorized request to path: /","level":"error"}
{"message":"Unauthorized request to path: /bookmarks","level":"error"}
{"message":"Unauthorized request to path: /bookmarks/1","level":"error"}
{"message":"No bookmark with id matching 123","level":"error"}
{"message":"Unauthorized request to path: /","level":"error"}
{"message":"Unauthorized request to path: /bookmarks","level":"error"}
{"message":"Unauthorized request to path: /bookmarks/1","level":"error"}
{"message":"No bookmark with id matching 123","level":"error"}
{"message":"Unauthorized request to path: /","level":"error"}
{"message":"Unauthorized request to path: /bookmarks","level":"error"}
{"message":"Unauthorized request to path: /bookmarks/1","level":"error"}
{"message":"No bookmark with id matching 123","level":"error"}
{"message":"Unauthorized request to path: /","level":"error"}
{"message":"Unauthorized request to path: /bookmarks","level":"error"}
{"message":"Unauthorized request to path: /bookmarks/1","level":"error"}
{"message":"No bookmark with id matching 123","level":"error"}
{"message":"Unauthorized request to path: /","level":"error"}
{"message":"Unauthorized request to path: /bookmarks","level":"error"}
{"message":"Unauthorized request to path: /bookmarks/1","level":"error"}
{"message":"No bookmark with id matching 123","level":"error"}
{"message":"Unauthorized request to path: /","level":"error"}
{"message":"Unauthorized request to path: /bookmarks","level":"error"}
{"message":"Unauthorized request to path: /bookmarks/1","level":"error"}
{"message":"No bookmark with id matching 123","level":"error"}
{"message":"Unauthorized request to path: /","level":"error"}
{"message":"Unauthorized request to path: /bookmarks","level":"error"}
{"message":"Unauthorized request to path: /bookmarks/1","level":"error"}
{"message":"No bookmark with id matching 123","level":"error"}
{"message":"Unauthorized request to path: /","level":"error"}
{"message":"Unauthorized request to path: /bookmarks","level":"error"}
{"message":"Unauthorized request to path: /bookmarks/1","level":"error"}
{"message":"No bookmark with id matching 123","level":"error"}
{"message":"Unauthorized request to path: /","level":"error"}
{"message":"Unauthorized request to path: /bookmarks","level":"error"}
{"message":"Unauthorized request to path: /bookmarks/1","level":"error"}
{"message":"No bookmark with id matching 123","level":"error"}
{"message":"Unauthorized request to path: /","level":"error"}
{"message":"Unauthorized request to path: /","level":"error"}
{"message":"Unauthorized request to path: /bookmarks","level":"error"}
{"message":"Unauthorized request to path: /bookmarks/1","level":"error"}
{"message":"No bookmark with id matching 123","level":"error"}
{"message":"Unauthorized request to path: /","level":"error"}
{"message":"Unauthorized request to path: /bookmarks","level":"error"}
{"message":"Unauthorized request to path: /bookmarks/1","level":"error"}
{"message":"No bookmark with id matching 123","level":"error"}
{"message":"Unauthorized request to path: /","level":"error"}
{"message":"Unauthorized request to path: /bookmarks","level":"error"}
{"message":"Unauthorized request to path: /bookmarks/1","level":"error"}
{"message":"No bookmark with id matching 123","level":"error"}
{"message":"Unauthorized request to path: /","level":"error"}
{"message":"Unauthorized request to path: /bookmarks","level":"error"}
{"message":"Unauthorized request to path: /bookmarks/1","level":"error"}
{"message":"No bookmark with id matching 123","level":"error"}
{"message":"Unauthorized request to path: /","level":"error"}
{"message":"Unauthorized request to path: /bookmarks","level":"error"}
{"message":"Unauthorized request to path: /bookmarks/1","level":"error"}
{"message":"No bookmark with id matching 123","level":"error"}
{"message":"Unauthorized request to path: /","level":"error"}
{"message":"Unauthorized request to path: /bookmarks","level":"error"}
{"message":"Unauthorized request to path: /bookmarks/1","level":"error"}
{"message":"No bookmark with id matching 123","level":"error"}
{"message":"Unauthorized request to path: /","level":"error"}
{"message":"Unauthorized request to path: /bookmarks","level":"error"}
{"message":"Unauthorized request to path: /bookmarks/1","level":"error"}
{"message":"No bookmark with id matching 123","level":"error"}
{"message":"Unauthorized request to path: /","level":"error"}
{"message":"Unauthorized request to path: /bookmarks","level":"error"}
{"message":"Unauthorized request to path: /bookmarks/1","level":"error"}
{"message":"No bookmark with id matching 123","level":"error"}
{"message":"Unauthorized request to path: /","level":"error"}
{"message":"Unauthorized request to path: /bookmarks","level":"error"}
{"message":"Unauthorized request to path: /bookmarks/1","level":"error"}
{"message":"No bookmark with id matching 123","level":"error"}
{"message":"Unauthorized request to path: /","level":"error"}
{"message":"Unauthorized request to path: /bookmarks","level":"error"}
{"message":"Unauthorized request to path: /bookmarks/1","level":"error"}
{"message":"No bookmark with id matching 123","level":"error"}
{"message":"Unauthorized request to path: /","level":"error"}
{"message":"Unauthorized request to path: /bookmarks","level":"error"}
{"message":"Unauthorized request to path: /bookmarks/1","level":"error"}
{"message":"No bookmark with id matching 123","level":"error"}
{"message":"Unauthorized request to path: /","level":"error"}
{"message":"Unauthorized request to path: /bookmarks","level":"error"}
{"message":"Unauthorized request to path: /bookmarks/1","level":"error"}
{"message":"No bookmark with id matching 123","level":"error"}
{"message":"Unauthorized request to path: /","level":"error"}
{"message":"Unauthorized request to path: /bookmarks","level":"error"}
{"message":"Unauthorized request to path: /bookmarks/1","level":"error"}
{"message":"No bookmark with id matching 123","level":"error"}
{"message":"Unauthorized request to path: /","level":"error"}
{"message":"Unauthorized request to path: /bookmarks","level":"error"}
{"message":"Unauthorized request to path: /bookmarks/1","level":"error"}
{"message":"Unauthorized request to path: /","level":"error"}
{"message":"Unauthorized request to path: /bookmarks","level":"error"}
{"message":"Unauthorized request to path: /bookmarks/1","level":"error"}
{"message":"Unauthorized request to path: /","level":"error"}
{"message":"Unauthorized request to path: /bookmarks","level":"error"}
{"message":"Unauthorized request to path: /bookmarks/1","level":"error"}
{"message":"Unauthorized request to path: /","level":"error"}
{"message":"Unauthorized request to path: /bookmarks","level":"error"}
{"message":"Unauthorized request to path: /bookmarks/1","level":"error"}
{"message":"Unauthorized request to path: /","level":"error"}
{"message":"Unauthorized request to path: /bookmarks","level":"error"}
{"message":"Unauthorized request to path: /bookmarks/1","level":"error"}
{"message":"Unauthorized request to path: /","level":"error"}
{"message":"Unauthorized request to path: /api/bookmarks","level":"error"}
{"message":"Unauthorized request to path: /api/bookmarks","level":"error"}
{"message":"Unauthorized request to path: /bookmarks/1","level":"error"}
{"message":"Unauthorized request to path: /api/bookmarks/1","level":"error"}
{"message":"Unauthorized request to path: /api/bookmarks/1","level":"error"}
{"message":"Unauthorized request to path: /","level":"error"}
{"message":"Unauthorized request to path: /api/bookmarks","level":"error"}
{"message":"Unauthorized request to path: /api/bookmarks","level":"error"}
{"message":"Unauthorized request to path: /api/bookmarks/1","level":"error"}
{"message":"Unauthorized request to path: /api/bookmarks/1","level":"error"}
{"message":"Unauthorized request to path: /api/bookmarks/1","level":"error"}
{"message":"Unauthorized request to path: /","level":"error"}
{"message":"Unauthorized request to path: /","level":"error"}
{"message":"Unauthorized request to path: /api/bookmarks","level":"error"}
{"message":"Unauthorized request to path: /api/bookmarks","level":"error"}
{"message":"Unauthorized request to path: /api/bookmarks/1","level":"error"}
{"message":"Unauthorized request to path: /api/bookmarks/1","level":"error"}
{"message":"Unauthorized request to path: /api/bookmarks/1","level":"error"}
{"message":"Unauthorized request to path: /","level":"error"}
{"message":"Unauthorized request to path: /api/bookmarks","level":"error"}
{"message":"Unauthorized request to path: /api/bookmarks","level":"error"}
{"message":"Unauthorized request to path: /api/bookmarks/1","level":"error"}
{"message":"Unauthorized request to path: /api/bookmarks/1","level":"error"}
{"message":"Unauthorized request to path: /api/bookmarks/1","level":"error"}
{"message":"Unauthorized request to path: /","level":"error"}
{"message":"Unauthorized request to path: /api/bookmarks","level":"error"}
{"message":"Unauthorized request to path: /api/bookmarks","level":"error"}
{"message":"Unauthorized request to path: /api/bookmarks/1","level":"error"}
{"message":"Unauthorized request to path: /api/bookmarks/1","level":"error"}
{"message":"Unauthorized request to path: /api/bookmarks/1","level":"error"}
{"message":"No bookmark with id matching 123","level":"error"}
{"message":"Unauthorized request to path: /","level":"error"}
{"message":"Unauthorized request to path: /api/bookmarks","level":"error"}
{"message":"Unauthorized request to path: /api/bookmarks","level":"error"}
{"message":"Unauthorized request to path: /api/bookmarks/1","level":"error"}
{"message":"Unauthorized request to path: /api/bookmarks/1","level":"error"}
{"message":"Unauthorized request to path: /api/bookmarks/1","level":"error"}
{"message":"No bookmark with id matching 123","level":"error"}
{"message":"Unauthorized request to path: /","level":"error"}
{"message":"Unauthorized request to path: /api/bookmarks","level":"error"}
{"message":"Unauthorized request to path: /api/bookmarks","level":"error"}
{"message":"Unauthorized request to path: /api/bookmarks/1","level":"error"}
{"message":"Unauthorized request to path: /api/bookmarks/1","level":"error"}
{"message":"Unauthorized request to path: /api/bookmarks/1","level":"error"}
{"message":"No bookmark with id matching 123","level":"error"}
{"message":"Unauthorized request to path: /","level":"error"}
{"message":"Unauthorized request to path: /api/bookmarks","level":"error"}
{"message":"Unauthorized request to path: /api/bookmarks","level":"error"}
{"message":"Unauthorized request to path: /api/bookmarks/1","level":"error"}
{"message":"Unauthorized request to path: /api/bookmarks/1","level":"error"}
{"message":"Unauthorized request to path: /api/bookmarks/1","level":"error"}
{"message":"No bookmark with id matching 123","level":"error"}
{"message":"Unauthorized request to path: /","level":"error"}
{"message":"Unauthorized request to path: /api/bookmarks","level":"error"}
{"message":"Unauthorized request to path: /api/bookmarks","level":"error"}
{"message":"Unauthorized request to path: /api/bookmarks/1","level":"error"}
{"message":"Unauthorized request to path: /api/bookmarks/1","level":"error"}
{"message":"Unauthorized request to path: /api/bookmarks/1","level":"error"}
{"message":"No bookmark with id matching 123","level":"error"}
{"message":"Unauthorized request to path: /","level":"error"}
{"message":"Unauthorized request to path: /api/bookmarks","level":"error"}
{"message":"Unauthorized request to path: /api/bookmarks","level":"error"}
{"message":"Unauthorized request to path: /api/bookmarks/1","level":"error"}
{"message":"Unauthorized request to path: /api/bookmarks/1","level":"error"}
{"message":"Unauthorized request to path: /api/bookmarks/1","level":"error"}
{"message":"No bookmark with id matching 123","level":"error"}
{"message":"Unauthorized request to path: /","level":"error"}
{"message":"Unauthorized request to path: /api/bookmarks","level":"error"}
{"message":"Unauthorized request to path: /api/bookmarks","level":"error"}
{"message":"Unauthorized request to path: /api/bookmarks/1","level":"error"}
{"message":"Unauthorized request to path: /api/bookmarks/1","level":"error"}
{"message":"Unauthorized request to path: /api/bookmarks/1","level":"error"}
{"message":"No bookmark with id matching 123","level":"error"}
{"message":"No bookmark with id matching 123","level":"error"}
{"message":"title is required","level":"error"}
{"message":"url is required","level":"error"}
{"message":"rating is required","level":"error"}
{"message":"Invalid rating 'invalid' supplied","level":"error"}
{"message":"Invalid url 'htp://invalid-url' supplied","level":"error"}
{"message":"No bookmark with id matching 123456","level":"error"}
{"message":"Invalid update without required fields","level":"error"}
{"message":"Invalid rating 'invalid' supplied","level":"error"}
{"message":"Invalid url 'htp://invalid-url' supplied","level":"error"}
{"message":"Unauthorized request to path: /","level":"error"}
{"message":"Unauthorized request to path: /api/bookmarks","level":"error"}
{"message":"Unauthorized request to path: /api/bookmarks","level":"error"}
{"message":"Unauthorized request to path: /api/bookmarks/1","level":"error"}
{"message":"Unauthorized request to path: /api/bookmarks/1","level":"error"}
{"message":"Unauthorized request to path: /api/bookmarks/1","level":"error"}
{"message":"No bookmark with id matching 123","level":"error"}
{"message":"Unauthorized request to path: /","level":"error"}
{"message":"Unauthorized request to path: /api/bookmarks","level":"error"}
{"message":"Unauthorized request to path: /api/bookmarks","level":"error"}
{"message":"Unauthorized request to path: /api/bookmarks/1","level":"error"}
{"message":"Unauthorized request to path: /api/bookmarks/1","level":"error"}
{"message":"Unauthorized request to path: /api/bookmarks/1","level":"error"}
{"message":"No bookmark with id matching 123","level":"error"}
{"message":"Unauthorized request to path: /","level":"error"}
{"message":"Unauthorized request to path: /","level":"error"}
{"message":"Unauthorized request to path: /api/bookmarks","level":"error"}
{"message":"Unauthorized request to path: /api/bookmarks","level":"error"}
{"message":"Unauthorized request to path: /api/bookmarks/1","level":"error"}
{"message":"Unauthorized request to path: /api/bookmarks/1","level":"error"}
{"message":"Unauthorized request to path: /api/bookmarks/1","level":"error"}
{"message":"No bookmark with id matching 123","level":"error"}
{"message":"Unauthorized request to path: /api/bookmarks/2","level":"error"}
{"message":"Unauthorized request to path: /","level":"error"}
{"message":"Unauthorized request to path: /api/bookmarks","level":"error"}
{"message":"Unauthorized request to path: /api/bookmarks","level":"error"}
{"message":"Unauthorized request to path: /api/bookmarks/1","level":"error"}
{"message":"Unauthorized request to path: /api/bookmarks/1","level":"error"}
{"message":"Unauthorized request to path: /api/bookmarks/1","level":"error"}
{"message":"No bookmark with id matching 123","level":"error"}
{"message":"Unauthorized request to path: /api/bookmarks/2","level":"error"}
{"message":"Unauthorized request to path: /","level":"error"}
{"message":"Unauthorized request to path: /api/bookmarks","level":"error"}
{"message":"Unauthorized request to path: /api/bookmarks","level":"error"}
{"message":"Unauthorized request to path: /api/bookmarks/1","level":"error"}
{"message":"Unauthorized request to path: /api/bookmarks/1","level":"error"}
{"message":"Unauthorized request to path: /api/bookmarks/1","level":"error"}
{"message":"No bookmark with id matching 123","level":"error"}
{"message":"Unauthorized request to path: /","level":"error"}
{"message":"Unauthorized request to path: /api/bookmarks","level":"error"}
{"message":"Unauthorized request to path: /api/bookmarks","level":"error"}
{"message":"Unauthorized request to path: /api/bookmarks/1","level":"error"}
{"message":"Unauthorized request to path: /api/bookmarks/1","level":"error"}
{"message":"Unauthorized request to path: /api/bookmarks/1","level":"error"}
{"message":"Bookmark with id 123 not found.","level":"error"}
{"message":"Unauthorized request to path: /","level":"error"}
{"message":"Unauthorized request to path: /api/bookmarks","level":"error"}
{"message":"Unauthorized request to path: /api/bookmarks","level":"error"}
{"message":"Unauthorized request to path: /api/bookmarks/1","level":"error"}
{"message":"Unauthorized request to path: /api/bookmarks/1","level":"error"}
{"message":"Unauthorized request to path: /api/bookmarks/1","level":"error"}
{"message":"Bookmark with id 123 not found.","level":"error"}
{"message":"Unauthorized request to path: /","level":"error"}
{"message":"Unauthorized request to path: /api/bookmarks","level":"error"}
{"message":"Unauthorized request to path: /api/bookmarks","level":"error"}
{"message":"Unauthorized request to path: /api/bookmarks/1","level":"error"}
{"message":"Unauthorized request to path: /api/bookmarks/1","level":"error"}
{"message":"Unauthorized request to path: /api/bookmarks/1","level":"error"}
{"message":"Bookmark with id 123 not found.","level":"error"}
{"message":"Bookmark with id 3 not found.","level":"error"}
{"message":"Unauthorized request to path: /","level":"error"}
{"message":"Unauthorized request to path: /api/bookmarks","level":"error"}
{"message":"Unauthorized request to path: /api/bookmarks","level":"error"}
{"message":"Unauthorized request to path: /api/bookmarks/1","level":"error"}
{"message":"Unauthorized request to path: /api/bookmarks/1","level":"error"}
{"message":"Unauthorized request to path: /api/bookmarks/1","level":"error"}
{"message":"Bookmark with id 123 not found.","level":"error"}
{"message":"Unauthorized request to path: /","level":"error"}
{"message":"Unauthorized request to path: /api/bookmarks","level":"error"}
{"message":"Unauthorized request to path: /api/bookmarks","level":"error"}
{"message":"Unauthorized request to path: /api/bookmarks/1","level":"error"}
{"message":"Unauthorized request to path: /api/bookmarks/1","level":"error"}
{"message":"Unauthorized request to path: /api/bookmarks/1","level":"error"}
{"message":"Bookmark with id 123 not found.","level":"error"}
{"message":"Unauthorized request to path: /","level":"error"}
{"message":"Unauthorized request to path: /api/bookmarks","level":"error"}
{"message":"Unauthorized request to path: /api/bookmarks","level":"error"}
{"message":"Unauthorized request to path: /api/bookmarks/1","level":"error"}
{"message":"Unauthorized request to path: /api/bookmarks/1","level":"error"}
{"message":"Unauthorized request to path: /api/bookmarks/1","level":"error"}
{"message":"Bookmark with id 123 not found.","level":"error"}
{"message":"Bookmark with id 4 not found.","level":"error"}
{"message":"Unauthorized request to path: /","level":"error"}
{"message":"Unauthorized request to path: /api/bookmarks","level":"error"}
{"message":"Unauthorized request to path: /api/bookmarks","level":"error"}
{"message":"Unauthorized request to path: /api/bookmarks/1","level":"error"}
{"message":"Unauthorized request to path: /api/bookmarks/1","level":"error"}
{"message":"Unauthorized request to path: /api/bookmarks/1","level":"error"}
{"message":"Bookmark with id 123 not found.","level":"error"}
{"message":"Unauthorized request to path: /","level":"error"}
{"message":"Unauthorized request to path: /api/bookmarks","level":"error"}
{"message":"Unauthorized request to path: /api/bookmarks","level":"error"}
{"message":"Unauthorized request to path: /api/bookmarks/1","level":"error"}
{"message":"Unauthorized request to path: /api/bookmarks/1","level":"error"}
{"message":"Unauthorized request to path: /api/bookmarks/1","level":"error"}
{"message":"Bookmark with id 123 not found.","level":"error"}
{"message":"Unauthorized request to path: /","level":"error"}
{"message":"Unauthorized request to path: /api/bookmarks","level":"error"}
{"message":"Unauthorized request to path: /api/bookmarks","level":"error"}
{"message":"Unauthorized request to path: /api/bookmarks/1","level":"error"}
{"message":"Unauthorized request to path: /api/bookmarks/1","level":"error"}
{"message":"Unauthorized request to path: /api/bookmarks/1","level":"error"}
{"message":"Bookmark with id 123 not found.","level":"error"}
{"message":"Unauthorized request to path: /","level":"error"}
{"message":"Unauthorized request to path: /api/bookmarks","level":"error"}
{"message":"Unauthorized request to path: /api/bookmarks","level":"error"}
{"message":"Unauthorized request to path: /api/bookmarks/1","level":"error"}
{"message":"Unauthorized request to path: /api/bookmarks/1","level":"error"}
{"message":"Unauthorized request to path: /api/bookmarks/1","level":"error"}
{"message":"Bookmark with id 123 not found.","level":"error"}
{"message":"Unauthorized request to path: /","level":"error"}
{"message":"Unauthorized request to path: /api/bookmarks","level":"error"}
{"message":"Unauthorized request to path: /api/bookmarks","level":"error"}
{"message":"Unauthorized request to path: /api/bookmarks/1","level":"error"}
{"message":"Unauthorized request to path: /api/bookmarks/1","level":"error"}
{"message":"Unauthorized request to path: /api/bookmarks/1","level":"error"}
{"message":"Bookmark with id 123 not found.","level":"error"}
{"message":"Unauthorized request to path: /","level":"error"}
{"message":"Unauthorized request to path: /api/bookmarks","level":"error"}
{"message":"Unauthorized request to path: /api/bookmarks","level":"error"}
{"message":"Unauthorized request to path: /api/bookmarks/1","level":"error"}
{"message":"Unauthorized request to path: /api/bookmarks/1","level":"error"}
{"message":"Unauthorized request to path: /api/bookmarks/1","level":"error"}
{"message":"Bookmark with id 123 not found.","level":"error"}
{"message":"Unauthorized request to path: /","level":"error"}
{"message":"Unauthorized request to path: /api/bookmarks","level":"error"}
{"message":"Unauthorized request to path: /api/bookmarks","level":"error"}
{"message":"Unauthorized request to path: /api/bookmarks/1","level":"error"}
{"message":"Unauthorized request to path: /api/bookmarks/1","level":"error"}
{"message":"Unauthorized request to path: /api/bookmarks/1","level":"error"}
{"message":"Bookmark with id 123 not found.","level":"error"}
{"message":"Unauthorized request to path: /","level":"error"}
{"message":"Unauthorized request to path: /api/bookmarks","level":"error"}
{"message":"Unauthorized request to path: /api/bookmarks","level":"error"}
{"message":"Unauthorized request to path: /api/bookmarks/1","level":"error"}
{"message":"Unauthorized request to path: /api/bookmarks/1","level":"error"}
{"message":"Unauthorized request to path: /api/bookmarks/1","level":"error"}
{"message":"Bookmark with id 123 not found.","level":"error"}
{"message":"Unauthorized request to path: /","level":"error"}
{"message":"Unauthorized request to path: /","level":"error"}
{"message":"Unauthorized request to path: /api/bookmarks","level":"error"}
{"message":"Unauthorized request to path: /api/bookmarks","level":"error"}
{"message":"Unauthorized request to path: /api/bookmarks/1","level":"error"}
{"message":"Unauthorized request to path: /api/bookmarks/1","level":"error"}
{"message":"Unauthorized request to path: /api/bookmarks/1","level":"error"}
{"message":"Bookmark with id 123 not found.","level":"error"}
{"message":"Bookmark with id 123 not found.","level":"error"}
{"message":"Bookmark with id 2 deleted.","level":"info"}
{"message":"Unauthorized request to path: /","level":"error"}
{"message":"Unauthorized request to path: /api/bookmarks","level":"error"}
{"message":"Unauthorized request to path: /api/bookmarks","level":"error"}
{"message":"Unauthorized request to path: /api/bookmarks/1","level":"error"}
{"message":"Unauthorized request to path: /api/bookmarks/1","level":"error"}
{"message":"Unauthorized request to path: /api/bookmarks/1","level":"error"}
{"message":"Bookmark with id 123 not found.","level":"error"}
{"message":"Bookmark with id 123 not found.","level":"error"}
{"message":"Bookmark with id 2 deleted.","level":"info"}
{"message":"title is required","level":"error"}
{"message":"url is required","level":"error"}
{"message":"rating is required","level":"error"}
{"message":"Invalid rating 'invalid' supplied","level":"error"}
{"message":"Invalid url 'htp://invalid-url' supplied","level":"error"}
{"message":"Bookmark with id 1 created.","level":"info"}
{"message":"Bookmark with id 1 created.","level":"info"}
{"message":"Bookmark with id 123456 not found.","level":"error"}
{"message":"Invalid update without required fields","level":"error"}
{"message":"Invalid rating 'invalid' supplied","level":"error"}
{"message":"Invalid url 'htp://invalid-url' supplied","level":"error"}
{"message":"Unauthorized request to path: /","level":"error"}
{"message":"Unauthorized request to path: /api/bookmarks","level":"error"}
{"message":"Unauthorized request to path: /api/bookmarks","level":"error"}
{"message":"Unauthorized request to path: /api/bookmarks/1","level":"error"}
{"message":"Unauthorized request to path: /api/bookmarks/1","level":"error"}
{"message":"Unauthorized request to path: /api/bookmarks/1","level":"error"}
{"message":"Bookmark with id 123 not found.","level":"error"}
{"message":"Bookmark with id 123 not found.","level":"error"}
{"message":"Bookmark with id 2 deleted.","level":"info"}
{"message":"title is required","level":"error"}
{"message":"url is required","level":"error"}
{"message":"rating is required","level":"error"}
{"message":"Invalid rating 'invalid' supplied","level":"error"}
{"message":"Invalid url 'htp://invalid-url' supplied","level":"error"}
{"message":"Bookmark with id 1 created.","level":"info"}
{"message":"Bookmark with id 1 created.","level":"info"}
{"message":"Bookmark with id 123456 not found.","level":"error"}
{"message":"Invalid update without required fields","level":"error"}
{"message":"Invalid rating 'invalid' supplied","level":"error"}
{"message":"Invalid url 'htp://invalid-url' supplied","level":"error"}
{"message":"Unauthorized request to path: /","level":"error"}
{"message":"Unauthorized request to path: /api/bookmarks","level":"error"}
{"message":"Unauthorized request to path: /api/bookmarks","level":"error"}
{"message":"Unauthorized request to path: /api/bookmarks/1","level":"error"}
{"message":"Unauthorized request to path: /api/bookmarks/1","level":"error"}
{"message":"Unauthorized request to path: /api/bookmarks/1","level":"error"}
{"message":"Bookmark with id 123 not found.","level":"error"}
{"message":"Bookmark with id 123 not found.","level":"error"}
{"message":"Bookmark with id 2 deleted.","level":"info"}
{"message":"title is required","level":"error"}
{"message":"url is required","level":"error"}
{"message":"rating is required","level":"error"}
{"message":"Invalid rating 'invalid' supplied","level":"error"}
{"message":"Invalid url 'htp://invalid-url' supplied","level":"error"}
{"message":"Invalid rating '1' supplied","level":"error"}
{"message":"Bookmark with id 1 created.","level":"info"}
{"message":"Bookmark with id 123456 not found.","level":"error"}
{"message":"Invalid update without required fields","level":"error"}
{"message":"Invalid rating 'invalid' supplied","level":"error"}
{"message":"Invalid url 'htp://invalid-url' supplied","level":"error"}
{"message":"Unauthorized request to path: /","level":"error"}
{"message":"Unauthorized request to path: /","level":"error"}
{"message":"Unauthorized request to path: /api/bookmarks","level":"error"}
{"message":"Unauthorized request to path: /api/bookmarks","level":"error"}
{"message":"Unauthorized request to path: /api/bookmarks/1","level":"error"}
{"message":"Unauthorized request to path: /api/bookmarks/1","level":"error"}
{"message":"Unauthorized request to path: /api/bookmarks/1","level":"error"}
{"message":"Bookmark with id 123 not found.","level":"error"}
{"message":"Bookmark with id 123 not found.","level":"error"}
{"message":"Bookmark with id 2 deleted.","level":"info"}
{"message":"title is required","level":"error"}
{"message":"url is required","level":"error"}
{"message":"rating is required","level":"error"}
{"message":"Invalid rating 'invalid' supplied","level":"error"}
{"message":"Invalid url 'htp://invalid-url' supplied","level":"error"}
{"message":"Invalid rating '1' supplied","level":"error"}
{"message":"Bookmark with id 1 created.","level":"info"}
{"message":"Bookmark with id 123456 not found.","level":"error"}
{"message":"Invalid update without required fields","level":"error"}
{"message":"Invalid rating 'invalid' supplied","level":"error"}
{"message":"Invalid url 'htp://invalid-url' supplied","level":"error"}
{"message":"Unauthorized request to path: /","level":"error"}
{"message":"Unauthorized request to path: /","level":"error"}
{"message":"Unauthorized request to path: /api/bookmarks","level":"error"}
{"message":"Unauthorized request to path: /api/bookmarks","level":"error"}
{"message":"Unauthorized request to path: /api/bookmarks/1","level":"error"}
{"message":"Unauthorized request to path: /api/bookmarks/1","level":"error"}
{"message":"Unauthorized request to path: /api/bookmarks/1","level":"error"}
{"message":"Bookmark with id 123 not found.","level":"error"}
{"message":"Bookmark with id 123 not found.","level":"error"}
{"message":"Bookmark with id 2 deleted.","level":"info"}
{"message":"title is required","level":"error"}
{"message":"url is required","level":"error"}
{"message":"rating is required","level":"error"}
{"message":"Invalid rating 'invalid' supplied","level":"error"}
{"message":"Invalid url 'htp://invalid-url' supplied","level":"error"}
{"message":"Invalid rating '1' supplied","level":"error"}
{"message":"Bookmark with id 1 created.","level":"info"}
{"message":"Bookmark with id 123456 not found.","level":"error"}
{"message":"Invalid update without required fields","level":"error"}
{"message":"Invalid rating 'invalid' supplied","level":"error"}
{"message":"Invalid url 'htp://invalid-url' supplied","level":"error"}
{"message":"Unauthorized request to path: /","level":"error"}
{"message":"Unauthorized request to path: /api/bookmarks","level":"error"}
{"message":"Unauthorized request to path: /api/bookmarks","level":"error"}
{"message":"Unauthorized request to path: /api/bookmarks/1","level":"error"}
{"message":"Unauthorized request to path: /api/bookmarks/1","level":"error"}
{"message":"Unauthorized request to path: /api/bookmarks/1","level":"error"}
{"message":"Bookmark with id 123 not found.","level":"error"}
{"message":"Bookmark with id 123 not found.","level":"error"}
{"message":"Bookmark with id 2 deleted.","level":"info"}
{"message":"title is required","level":"error"}
{"message":"url is required","level":"error"}
{"message":"rating is required","level":"error"}
{"message":"Invalid rating 'invalid' supplied","level":"error"}
{"message":"Invalid url 'htp://invalid-url' supplied","level":"error"}
{"message":"Invalid rating '1' supplied","level":"error"}
{"message":"Bookmark with id 1 created.","level":"info"}
{"message":"Bookmark with id 123456 not found.","level":"error"}
{"message":"Invalid update without required fields","level":"error"}
{"message":"Invalid rating 'invalid' supplied","level":"error"}
{"message":"Invalid url 'htp://invalid-url' supplied","level":"error"}
{"message":"Unauthorized request to path: /","level":"error"}
{"message":"Unauthorized request to path: /api/bookmarks","level":"error"}
{"message":"Unauthorized request to path: /api/bookmarks","level":"error"}
{"message":"Unauthorized request to path: /api/bookmarks/1","level":"error"}
{"message":"Unauthorized request to path: /api/bookmarks/1","level":"error"}
{"message":"Unauthorized request to path: /api/bookmarks/1","level":"error"}
{"message":"Bookmark with id 123 not found.","level":"error"}
{"message":"Bookmark with id 123 not found.","level":"error"}
{"message":"Bookmark with id 2 deleted.","level":"info"}
{"message":"title is required","level":"error"}
{"message":"url is required","level":"error"}
{"message":"rating is required","level":"error"}
{"message":"Invalid rating 'invalid' supplied","level":"error"}
{"message":"Invalid url 'htp://invalid-url' supplied","level":"error"}
{"message":"Invalid rating '1' supplied","level":"error"}
{"message":"Bookmark with id 1 created.","level":"info"}
{"message":"Bookmark with id 123456 not found.","level":"error"}
{"message":"Invalid update without required fields","level":"error"}
{"message":"Invalid rating 'invalid' supplied","level":"error"}
{"message":"Invalid url 'htp://invalid-url' supplied","level":"error"}
{"message":"Unauthorized request to path: /","level":"error"}
{"message":"Unauthorized request to path: /api/bookmarks","level":"error"}
{"message":"Unauthorized request to path: /api/bookmarks","level":"error"}
{"message":"Unauthorized request to path: /api/bookmarks/1","level":"error"}
{"message":"Unauthorized request to path: /api/bookmarks/1","level":"error"}
{"message":"Unauthorized request to path: /api/bookmarks/1","level":"error"}
{"message":"Bookmark with id 123 not found.","level":"error"}
{"message":"Bookmark with id 123 not found.","level":"error"}
{"message":"Bookmark with id 2 deleted.","level":"info"}
{"message":"title is required","level":"error"}
{"message":"url is required","level":"error"}
{"message":"rating is required","level":"error"}
{"message":"desc is required","level":"error"}
{"message":"desc is required","level":"error"}
{"message":"Invalid rating '1' supplied","level":"error"}
{"message":"Bookmark with id 1 created.","level":"info"}
{"message":"Bookmark with id 123456 not found.","level":"error"}
{"message":"Invalid update without required fields","level":"error"}
{"message":"Invalid rating 'invalid' supplied","level":"error"}
{"message":"Invalid url 'htp://invalid-url' supplied","level":"error"}
{"message":"Unauthorized request to path: /","level":"error"}
{"message":"Unauthorized request to path: /api/bookmarks","level":"error"}
{"message":"Unauthorized request to path: /api/bookmarks","level":"error"}
{"message":"Unauthorized request to path: /api/bookmarks/1","level":"error"}
{"message":"Unauthorized request to path: /api/bookmarks/1","level":"error"}
{"message":"Unauthorized request to path: /api/bookmarks/1","level":"error"}
{"message":"Bookmark with id 123 not found.","level":"error"}
{"message":"Bookmark with id 123 not found.","level":"error"}
{"message":"Bookmark with id 2 deleted.","level":"info"}
{"message":"title is required","level":"error"}
{"message":"url is required","level":"error"}
{"message":"rating is required","level":"error"}
{"message":"desc is required","level":"error"}
{"message":"desc is required","level":"error"}
{"message":"Invalid rating '1' supplied","level":"error"}
{"message":"Bookmark with id 1 created.","level":"info"}
{"message":"Bookmark with id 123456 not found.","level":"error"}
{"message":"Invalid update without required fields","level":"error"}
{"message":"Invalid rating 'invalid' supplied","level":"error"}
{"message":"Invalid url 'htp://invalid-url' supplied","level":"error"}
{"message":"Unauthorized request to path: /","level":"error"}
{"message":"Unauthorized request to path: /api/bookmarks","level":"error"}
{"message":"Unauthorized request to path: /api/bookmarks","level":"error"}
{"message":"Unauthorized request to path: /api/bookmarks/1","level":"error"}
{"message":"Unauthorized request to path: /api/bookmarks/1","level":"error"}
{"message":"Unauthorized request to path: /api/bookmarks/1","level":"error"}
{"message":"Bookmark with id 123 not found.","level":"error"}
{"message":"Bookmark with id 123 not found.","level":"error"}
{"message":"Bookmark with id 2 deleted.","level":"info"}
{"message":"title is required","level":"error"}
{"message":"url is required","level":"error"}
{"message":"rating is required","level":"error"}
{"message":"Invalid rating 'invalid' supplied","level":"error"}
{"message":"Invalid url 'htp://invalid-url' supplied","level":"error"}
{"message":"Invalid rating '1' supplied","level":"error"}
{"message":"Bookmark with id 1 created.","level":"info"}
{"message":"Bookmark with id 123456 not found.","level":"error"}
{"message":"Invalid update without required fields","level":"error"}
{"message":"Invalid rating 'invalid' supplied","level":"error"}
{"message":"Invalid url 'htp://invalid-url' supplied","level":"error"}
{"message":"Unauthorized request to path: /","level":"error"}
{"message":"Unauthorized request to path: /api/bookmarks","level":"error"}
{"message":"Unauthorized request to path: /api/bookmarks","level":"error"}
{"message":"Unauthorized request to path: /api/bookmarks/1","level":"error"}
{"message":"Unauthorized request to path: /api/bookmarks/1","level":"error"}
{"message":"Unauthorized request to path: /api/bookmarks/1","level":"error"}
{"message":"Bookmark with id 123 not found.","level":"error"}
{"message":"Bookmark with id 123 not found.","level":"error"}
{"message":"Bookmark with id 2 deleted.","level":"info"}
{"message":"title is required","level":"error"}
{"message":"url is required","level":"error"}
{"message":"rating is required","level":"error"}
{"message":"Invalid rating 'invalid' supplied","level":"error"}
{"message":"Invalid url 'htp://invalid-url' supplied","level":"error"}
{"message":"Invalid rating '1' supplied","level":"error"}
{"message":"Bookmark with id 1 created.","level":"info"}
{"message":"Bookmark with id 123456 not found.","level":"error"}
{"message":"Invalid update without required fields","level":"error"}
{"message":"Invalid rating 'invalid' supplied","level":"error"}
{"message":"Invalid url 'htp://invalid-url' supplied","level":"error"}
{"message":"Unauthorized request to path: /","level":"error"}
{"message":"Unauthorized request to path: /api/bookmarks","level":"error"}
{"message":"Unauthorized request to path: /api/bookmarks","level":"error"}
{"message":"Unauthorized request to path: /api/bookmarks/1","level":"error"}
{"message":"Unauthorized request to path: /api/bookmarks/1","level":"error"}
{"message":"Unauthorized request to path: /api/bookmarks/1","level":"error"}
{"message":"Bookmark with id 123 not found.","level":"error"}
{"message":"Bookmark with id 123 not found.","level":"error"}
{"message":"Bookmark with id 2 deleted.","level":"info"}
{"message":"title is required","level":"error"}
{"message":"url is required","level":"error"}
{"message":"rating is required","level":"error"}
{"message":"Invalid url 'htp://invalid-url' supplied","level":"error"}
{"message":"Bookmark with id 1 created.","level":"info"}
{"message":"Bookmark with id 1 created.","level":"info"}
{"message":"Bookmark with id 123456 not found.","level":"error"}
{"message":"Invalid update without required fields","level":"error"}
{"message":"Invalid url 'htp://invalid-url' supplied","level":"error"}
{"message":"Unauthorized request to path: /","level":"error"}
{"message":"Unauthorized request to path: /api/bookmarks","level":"error"}
{"message":"Unauthorized request to path: /api/bookmarks","level":"error"}
{"message":"Unauthorized request to path: /api/bookmarks/1","level":"error"}
{"message":"Unauthorized request to path: /api/bookmarks/1","level":"error"}
{"message":"Unauthorized request to path: /api/bookmarks/1","level":"error"}
{"message":"Bookmark with id 123 not found.","level":"error"}
{"message":"Bookmark with id 123 not found.","level":"error"}
{"message":"Bookmark with id 2 deleted.","level":"info"}
{"message":"title is required","level":"error"}
{"message":"url is required","level":"error"}
{"message":"rating is required","level":"error"}
{"message":"Invalid url 'htp://invalid-url' supplied","level":"error"}
{"message":"Bookmark with id 1 created.","level":"info"}
{"message":"Bookmark with id 1 created.","level":"info"}
{"message":"Bookmark with id 123456 not found.","level":"error"}
{"message":"Invalid update without required fields","level":"error"}
{"message":"Invalid url 'htp://invalid-url' supplied","level":"error"}
{"message":"Unauthorized request to path: /","level":"error"}
{"message":"Unauthorized request to path: /api/bookmarks","level":"error"}
{"message":"Unauthorized request to path: /api/bookmarks","level":"error"}
{"message":"Unauthorized request to path: /api/bookmarks/1","level":"error"}
{"message":"Unauthorized request to path: /api/bookmarks/1","level":"error"}
{"message":"Unauthorized request to path: /api/bookmarks/1","level":"error"}
{"message":"Bookmark with id 123 not found.","level":"error"}
{"message":"Bookmark with id 123 not found.","level":"error"}
{"message":"Bookmark with id 2 deleted.","level":"info"}
{"message":"title is required","level":"error"}
{"message":"url is required","level":"error"}
{"message":"rating is required","level":"error"}
{"message":"Invalid rating 'invalid' supplied","level":"error"}
{"message":"Invalid url 'htp://invalid-url' supplied","level":"error"}
{"message":"Invalid rating '1' supplied","level":"error"}
{"message":"Bookmark with id 1 created.","level":"info"}
{"message":"Bookmark with id 123456 not found.","level":"error"}
{"message":"Invalid update without required fields","level":"error"}
{"message":"Invalid rating 'invalid' supplied","level":"error"}
{"message":"Invalid url 'htp://invalid-url' supplied","level":"error"}
{"message":"Unauthorized request to path: /","level":"error"}
{"message":"Unauthorized request to path: /api/bookmarks","level":"error"}
{"message":"Unauthorized request to path: /api/bookmarks","level":"error"}
{"message":"Unauthorized request to path: /api/bookmarks/1","level":"error"}
{"message":"Unauthorized request to path: /api/bookmarks/1","level":"error"}
{"message":"Unauthorized request to path: /api/bookmarks/1","level":"error"}
{"message":"Bookmark with id 123 not found.","level":"error"}
{"message":"Bookmark with id 123 not found.","level":"error"}
{"message":"Bookmark with id 2 deleted.","level":"info"}
{"message":"title is required","level":"error"}
{"message":"url is required","level":"error"}
{"message":"rating is required","level":"error"}
{"message":"Invalid rating 'invalid' supplied","level":"error"}
{"message":"Invalid url 'htp://invalid-url' supplied","level":"error"}
{"message":"Invalid rating '1' supplied","level":"error"}
{"message":"Bookmark with id 1 created.","level":"info"}
{"message":"Bookmark with id 123456 not found.","level":"error"}
{"message":"Invalid update without required fields","level":"error"}
{"message":"Invalid rating 'invalid' supplied","level":"error"}
{"message":"Invalid url 'htp://invalid-url' supplied","level":"error"}
{"message":"Unauthorized request to path: /","level":"error"}
{"message":"Unauthorized request to path: /api/bookmarks","level":"error"}
{"message":"Unauthorized request to path: /api/bookmarks","level":"error"}
{"message":"Unauthorized request to path: /api/bookmarks/1","level":"error"}
{"message":"Unauthorized request to path: /api/bookmarks/1","level":"error"}
{"message":"Unauthorized request to path: /api/bookmarks/1","level":"error"}
{"message":"Bookmark with id 123 not found.","level":"error"}
{"message":"Bookmark with id 123 not found.","level":"error"}
{"message":"Bookmark with id 2 deleted.","level":"info"}
{"message":"title is required","level":"error"}
{"message":"url is required","level":"error"}
{"message":"rating is required","level":"error"}
{"message":"Invalid rating 'invalid' supplied","level":"error"}
{"message":"Invalid url 'htp://invalid-url' supplied","level":"error"}
{"message":"Invalid rating '1' supplied","level":"error"}
{"message":"Bookmark with id 1 created.","level":"info"}
{"message":"Bookmark with id 123456 not found.","level":"error"}
{"message":"Invalid update without required fields","level":"error"}
{"message":"Invalid rating 'invalid' supplied","level":"error"}
{"message":"Invalid url 'htp://invalid-url' supplied","level":"error"}
{"message":"Unauthorized request to path: /","level":"error"}
{"message":"Unauthorized request to path: /api/bookmarks","level":"error"}
{"message":"Unauthorized request to path: /api/bookmarks","level":"error"}
{"message":"Unauthorized request to path: /api/bookmarks/1","level":"error"}
{"message":"Unauthorized request to path: /api/bookmarks/1","level":"error"}
{"message":"Unauthorized request to path: /api/bookmarks/1","level":"error"}
{"message":"Bookmark with id 123 not found.","level":"error"}
{"message":"Bookmark with id 123 not found.","level":"error"}
{"message":"Bookmark with id 2 deleted.","level":"info"}
{"message":"title is required","level":"error"}
{"message":"url is required","level":"error"}
{"message":"rating is required","level":"error"}
{"message":"Invalid rating 'invalid' supplied","level":"error"}
{"message":"Invalid url 'htp://invalid-url' supplied","level":"error"}
{"message":"Bookmark with id 1 created.","level":"info"}
{"message":"Bookmark with id 1 created.","level":"info"}
{"message":"Bookmark with id 123456 not found.","level":"error"}
{"message":"Invalid update without required fields","level":"error"}
{"message":"Invalid rating 'invalid' supplied","level":"error"}
{"message":"Invalid url 'htp://invalid-url' supplied","level":"error"}
{"message":"Unauthorized request to path: /","level":"error"}
{"message":"Unauthorized request to path: /api/bookmarks","level":"error"}
{"message":"Unauthorized request to path: /api/bookmarks","level":"error"}
{"message":"Unauthorized request to path: /api/bookmarks/1","level":"error"}
{"message":"Unauthorized request to path: /api/bookmarks/1","level":"error"}
{"message":"Unauthorized request to path: /api/bookmarks/1","level":"error"}
{"message":"Bookmark with id 123 not found.","level":"error"}
{"message":"Bookmark with id 123 not found.","level":"error"}
{"message":"Bookmark with id 2 deleted.","level":"info"}
{"message":"title is required","level":"error"}
{"message":"url is required","level":"error"}
{"message":"rating is required","level":"error"}
{"message":"Invalid rating 'invalid' supplied","level":"error"}
{"message":"Invalid url 'htp://invalid-url' supplied","level":"error"}
{"message":"Bookmark with id 1 created.","level":"info"}
{"message":"Bookmark with id 1 created.","level":"info"}
{"message":"Bookmark with id 123456 not found.","level":"error"}
{"message":"Invalid update without required fields","level":"error"}
{"message":"Invalid rating 'invalid' supplied","level":"error"}
{"message":"Invalid url 'htp://invalid-url' supplied","level":"error"}
{"message":"Unauthorized request to path: /","level":"error"}
{"message":"Unauthorized request to path: /api/bookmarks","level":"error"}
{"message":"Unauthorized request to path: /api/bookmarks","level":"error"}
{"message":"Unauthorized request to path: /api/bookmarks/1","level":"error"}
{"message":"Unauthorized request to path: /api/bookmarks/1","level":"error"}
{"message":"Unauthorized request to path: /api/bookmarks/1","level":"error"}
{"message":"Bookmark with id 123 not found.","level":"error"}
{"message":"Bookmark with id 123 not found.","level":"error"}
{"message":"Bookmark with id 2 deleted.","level":"info"}
{"message":"title is required","level":"error"}
{"message":"url is required","level":"error"}
{"message":"rating is required","level":"error"}
{"message":"Invalid rating 'invalid' supplied","level":"error"}
{"message":"Invalid url 'htp://invalid-url' supplied","level":"error"}
{"message":"Bookmark with id 1 created.","level":"info"}
{"message":"Bookmark with id 1 created.","level":"info"}
{"message":"Bookmark with id 123456 not found.","level":"error"}
{"message":"Invalid update without required fields","level":"error"}
{"message":"Invalid rating 'invalid' supplied","level":"error"}
{"message":"Invalid url 'htp://invalid-url' supplied","level":"error"}
{"message":"Unauthorized request to path: /","level":"error"}
{"message":"Unauthorized request to path: /api/bookmarks","level":"error"}
{"message":"Unauthorized request to path: /api/bookmarks","level":"error"}
{"message":"Unauthorized request to path: /api/bookmarks/1","level":"error"}
{"message":"Unauthorized request to path: /api/bookmarks/1","level":"error"}
{"message":"Unauthorized request to path: /api/bookmarks/1","level":"error"}
{"message":"Bookmark with id 123 not found.","level":"error"}
{"message":"Bookmark with id 123 not found.","level":"error"}
{"message":"Bookmark with id 2 deleted.","level":"info"}
{"message":"title is required","level":"error"}
{"message":"url is required","level":"error"}
{"message":"rating is required","level":"error"}
{"message":"Invalid rating 'invalid' supplied","level":"error"}
{"message":"Invalid url 'htp://invalid-url' supplied","level":"error"}
{"message":"Bookmark with id 1 created.","level":"info"}
{"message":"Bookmark with id 1 created.","level":"info"}
{"message":"Bookmark with id 123456 not found.","level":"error"}
{"message":"Invalid update without required fields","level":"error"}
{"message":"Invalid rating 'invalid' supplied","level":"error"}
{"message":"Invalid url 'htp://invalid-url' supplied","level":"error"}
{"message":"Unauthorized request to path: /","level":"error"}
{"message":"Unauthorized request to path: /api/bookmarks","level":"error"}
{"message":"Unauthorized request to path: /api/bookmarks","level":"error"}
{"message":"Unauthorized request to path: /api/bookmarks/2","level":"error"}
{"message":"Unauthorized request to path: /api/bookmarks/2","level":"error"}
{"message":"Unauthorized request to path: /api/bookmarks/2","level":"error"}
{"message":"Bookmark with id 123 not found.","level":"error"}
{"message":"Bookmark with id 123 not found.","level":"error"}
{"message":"Bookmark with id 2 deleted.","level":"info"}
{"message":"title is required","level":"error"}
{"message":"url is required","level":"error"}
{"message":"rating is required","level":"error"}
{"message":"Invalid rating 'invalid' supplied","level":"error"}
{"message":"Invalid url 'htp://invalid-url' supplied","level":"error"}
{"message":"Bookmark with id 1 created.","level":"info"}
{"message":"Bookmark with id 1 created.","level":"info"}
{"message":"Bookmark with id 123456 not found.","level":"error"}
{"message":"Invalid update without required fields","level":"error"}
{"message":"Invalid rating 'invalid' supplied","level":"error"}
{"message":"Invalid url 'htp://invalid-url' supplied","level":"error"}
{"message":"Unauthorized request to path: /","level":"error"}
{"message":"Unauthorized request to path: /api/bookmarks","level":"error"}
{"message":"Unauthorized request to path: /api/bookmarks","level":"error"}
{"message":"Unauthorized request to path: /api/bookmarks/2","level":"error"}
{"message":"Unauthorized request to path: /api/bookmarks/2","level":"error"}
{"message":"Unauthorized request to path: /api/bookmarks/2","level":"error"}
{"message":"Bookmark with id 123 not found.","level":"error"}
{"message":"Bookmark with id 123 not found.","level":"error"}
{"message":"Bookmark with id 2 deleted.","level":"info"}
{"message":"title is required","level":"error"}
{"message":"url is required","level":"error"}
{"message":"rating is required","level":"error"}
{"message":"Invalid rating 'invalid' supplied","level":"error"}
{"message":"Invalid url 'htp://invalid-url' supplied","level":"error"}
{"message":"Bookmark with id 1 created.","level":"info"}
{"message":"Bookmark with id 1 created.","level":"info"}
{"message":"Bookmark with id 123456 not found.","level":"error"}
{"message":"Invalid update without required fields","level":"error"}
{"message":"Invalid rating 'invalid' supplied","level":"error"}
{"message":"Invalid url 'htp://invalid-url' supplied","level":"error"}
